<?xml version="1.0" encoding="UTF-8"?>
<!-- Generated by org.testng.reporters.JUnitXMLReporter -->
<testsuite ignored="0" hostname="DESKTOP-IE18BQ0" failures="4" tests="5" name="InetBanking" time="37.824" errors="0" timestamp="2021-12-31T22:56:02 IST">
  <testcase classname="testCases.TC_LoginDataDriven_003" name="LoginData" time="4.972">
    <failure type="java.lang.AssertionError" message="expected [true] but found [false]">
      <![CDATA[java.lang.AssertionError: expected [true] but found [false]
at testCases.TC_LoginDataDriven_003.LoginData(TC_LoginDataDriven_003.java:32)
at java.base/java.util.ArrayList.forEach(ArrayList.java:1541)
... Removed 31 stack frames]]>
    </failure>
  </testcase> <!-- LoginData -->
  <testcase classname="testCases.TC_LoginDataDriven_003" name="LoginData" time="9.837"/>
  <testcase classname="testCases.TC_LoginDataDriven_003" name="LoginData" time="5.131">
    <failure type="java.lang.AssertionError" message="expected [true] but found [false]">
      <![CDATA[java.lang.AssertionError: expected [true] but found [false]
at testCases.TC_LoginDataDriven_003.LoginData(TC_LoginDataDriven_003.java:32)
at java.base/java.util.ArrayList.forEach(ArrayList.java:1541)
... Removed 31 stack frames]]>
    </failure>
  </testcase> <!-- LoginData -->
  <testcase classname="testCases.TC_LoginDataDriven_003" name="LoginData" time="5.007">
    <failure type="java.lang.AssertionError" message="expected [true] but found [false]">
      <![CDATA[java.lang.AssertionError: expected [true] but found [false]
at testCases.TC_LoginDataDriven_003.LoginData(TC_LoginDataDriven_003.java:32)
at java.base/java.util.ArrayList.forEach(ArrayList.java:1541)
... Removed 31 stack frames]]>
    </failure>
  </testcase> <!-- LoginData -->
  <testcase classname="testCases.TC_LoginDataDriven_003" name="LoginData" time="5.333">
    <failure type="java.lang.AssertionError" message="expected [true] but found [false]">
      <![CDATA[java.lang.AssertionError: expected [true] but found [false]
at testCases.TC_LoginDataDriven_003.LoginData(TC_LoginDataDriven_003.java:32)
at java.base/java.util.ArrayList.forEach(ArrayList.java:1541)
... Removed 31 stack frames]]>
    </failure>
  </testcase> <!-- LoginData -->
</testsuite> <!-- InetBanking -->
