<?xml version="1.0" encoding="UTF-8"?>
<!-- Generated by org.testng.reporters.JUnitXMLReporter -->
<testsuite ignored="0" hostname="DESKTOP-IE18BQ0" failures="4" tests="4" name="InetBanking(failed)" time="30.339" errors="0" timestamp="2021-12-31T18:16:17 IST">
  <testcase classname="testCases.TC_LoginDataDriven_003" name="LoginData" time="5.538">
    <failure type="java.lang.AssertionError" message="expected [true] but found [false]">
      <![CDATA[java.lang.AssertionError: expected [true] but found [false]
at testCases.TC_LoginDataDriven_003.LoginData(TC_LoginDataDriven_003.java:32)
at java.base/java.util.ArrayList.forEach(ArrayList.java:1541)
... Removed 31 stack frames]]>
    </failure>
  </testcase> <!-- LoginData -->
  <testcase classname="testCases.TC_LoginDataDriven_003" name="LoginData" time="5.408">
    <failure type="java.lang.AssertionError" message="expected [true] but found [false]">
      <![CDATA[java.lang.AssertionError: expected [true] but found [false]
at testCases.TC_LoginDataDriven_003.LoginData(TC_LoginDataDriven_003.java:32)
at java.base/java.util.ArrayList.forEach(ArrayList.java:1541)
... Removed 31 stack frames]]>
    </failure>
  </testcase> <!-- LoginData -->
  <testcase classname="testCases.TC_LoginDataDriven_003" name="LoginData" time="5.428">
    <failure type="java.lang.AssertionError" message="expected [true] but found [false]">
      <![CDATA[java.lang.AssertionError: expected [true] but found [false]
at testCases.TC_LoginDataDriven_003.LoginData(TC_LoginDataDriven_003.java:32)
at java.base/java.util.ArrayList.forEach(ArrayList.java:1541)
... Removed 31 stack frames]]>
    </failure>
  </testcase> <!-- LoginData -->
  <testcase classname="testCases.TC_LoginDataDriven_003" name="LoginData" time="4.973">
    <failure type="java.lang.AssertionError" message="expected [true] but found [false]">
      <![CDATA[java.lang.AssertionError: expected [true] but found [false]
at testCases.TC_LoginDataDriven_003.LoginData(TC_LoginDataDriven_003.java:32)
at java.base/java.util.ArrayList.forEach(ArrayList.java:1541)
... Removed 31 stack frames]]>
    </failure>
  </testcase> <!-- LoginData -->
</testsuite> <!-- InetBanking(failed) -->
